Current GPU index: 3
---------- Networks initialized -------------
NPI(
  (core): MazeCore(
    (encoder): Sequential(
      (0): Linear(in_features=256, out_features=100, bias=True)
      (1): ReLU()
      (2): Linear(in_features=100, out_features=100, bias=True)
      (3): ReLU()
      (4): Linear(in_features=100, out_features=128, bias=True)
    )
    (pro_embedder): Embedding(8, 10)
  )
  (lstm): LSTM(138, 256, num_layers=2)
  (ter_net): Sequential(
    (0): Linear(in_features=256, out_features=128, bias=True)
    (1): ReLU()
    (2): Linear(in_features=128, out_features=2, bias=True)
  )
  (pro_net): Sequential(
    (0): Linear(in_features=256, out_features=5, bias=True)
    (1): ReLU()
    (2): Linear(in_features=5, out_features=5, bias=True)
  )
  (arg_net_0): Sequential(
    (0): Linear(in_features=256, out_features=22, bias=True)
    (1): ReLU()
    (2): Linear(in_features=22, out_features=22, bias=True)
  )
)
NPI: Total number of parameters : 1.021 M
-----------------------------------------------
Epoch 01 Maze idx 000 Default Step Loss 3.585323, Total Step Loss 0.915595, Term Acc: 0.289474, Prog Acc: 0.131579
Epoch 01 Maze idx 010 Default Step Loss 2.057120, Total Step Loss 0.574572, Term Acc: 0.977778, Prog Acc: 0.555556
Epoch 01 Maze idx 020 Default Step Loss 1.517020, Total Step Loss 0.454128, Term Acc: 0.989247, Prog Acc: 0.548387
Epoch 01 Maze idx 030 Default Step Loss 1.779589, Total Step Loss 0.512368, Term Acc: 0.928571, Prog Acc: 0.428571
Epoch 01 Maze idx 040 Default Step Loss 1.084174, Total Step Loss 0.350948, Term Acc: 0.988235, Prog Acc: 0.694118
Epoch 01 Maze idx 050 Default Step Loss 0.826418, Total Step Loss 0.284286, Term Acc: 0.990826, Prog Acc: 0.807339
Epoch 01 Maze idx 060 Default Step Loss 0.843744, Total Step Loss 0.287559, Term Acc: 0.974359, Prog Acc: 0.769231
Epoch 01 Maze idx 070 Default Step Loss 0.816158, Total Step Loss 0.279326, Term Acc: 0.900000, Prog Acc: 0.800000
Epoch 01 Maze idx 080 Default Step Loss 0.776262, Total Step Loss 0.278884, Term Acc: 0.954545, Prog Acc: 0.727273
Epoch 01 Maze idx 090 Default Step Loss 0.728620, Total Step Loss 0.256961, Term Acc: 0.913043, Prog Acc: 0.804348
Mode: train For whole Epoch 01, Time Consum 379.202677 Default Step Loss 1.102109, Total Step Loss 0.351380, Term Acc: 0.956030, Prog Acc: 0.695690
===============================
Epoch 01 Maze idx 000 Default Step Loss 0.924116, Total Step Loss 0.312489, Term Acc: 0.903226, Prog Acc: 0.806452
Epoch 01 Maze idx 010 Default Step Loss 0.696053, Total Step Loss 0.253146, Term Acc: 0.895349, Prog Acc: 0.790698
Epoch 01 Maze idx 020 Default Step Loss 0.782447, Total Step Loss 0.273675, Term Acc: 0.887218, Prog Acc: 0.827068
Epoch 01 Maze idx 030 Default Step Loss 0.715217, Total Step Loss 0.262416, Term Acc: 0.921053, Prog Acc: 0.789474
Epoch 01 Maze idx 040 Default Step Loss 0.876272, Total Step Loss 0.306815, Term Acc: 0.954545, Prog Acc: 0.681818
Mode: test_same For whole Epoch 01, Time Consum 9.858063 Default Step Loss 0.769812, Total Step Loss 0.272797, Term Acc: 0.899941, Prog Acc: 0.807197
===============================
Epoch 01 Maze idx 000 Default Step Loss 0.883077, Total Step Loss 0.299792, Term Acc: 0.883495, Prog Acc: 0.791262
Epoch 01 Maze idx 010 Default Step Loss 0.714548, Total Step Loss 0.257314, Term Acc: 0.884393, Prog Acc: 0.791908
Epoch 01 Maze idx 020 Default Step Loss 0.764936, Total Step Loss 0.270148, Term Acc: 0.883333, Prog Acc: 0.770833
Epoch 01 Maze idx 030 Default Step Loss 1.117637, Total Step Loss 0.364110, Term Acc: 0.933333, Prog Acc: 0.766667
Epoch 01 Maze idx 040 Default Step Loss 0.850512, Total Step Loss 0.290322, Term Acc: 0.879552, Prog Acc: 0.815126
Mode: test_dif For whole Epoch 01, Time Consum 24.609752 Default Step Loss 0.815541, Total Step Loss 0.282782, Term Acc: 0.885005, Prog Acc: 0.792663
===============================
Epoch 02 Maze idx 000 Default Step Loss 0.603544, Total Step Loss 0.227012, Term Acc: 0.892157, Prog Acc: 0.843137
Epoch 02 Maze idx 010 Default Step Loss 0.595818, Total Step Loss 0.224183, Term Acc: 0.905983, Prog Acc: 0.854701
Epoch 02 Maze idx 020 Default Step Loss 0.702928, Total Step Loss 0.247554, Term Acc: 0.898551, Prog Acc: 0.855072
Epoch 02 Maze idx 030 Default Step Loss 0.497326, Total Step Loss 0.199789, Term Acc: 0.909774, Prog Acc: 0.872180
Epoch 02 Maze idx 040 Default Step Loss 0.581733, Total Step Loss 0.231920, Term Acc: 0.954545, Prog Acc: 0.772727
Epoch 02 Maze idx 050 Default Step Loss 0.594587, Total Step Loss 0.230612, Term Acc: 0.935484, Prog Acc: 0.774194
Epoch 02 Maze idx 060 Default Step Loss 0.674074, Total Step Loss 0.250167, Term Acc: 0.933333, Prog Acc: 0.800000
Epoch 02 Maze idx 070 Default Step Loss 0.652290, Total Step Loss 0.236109, Term Acc: 0.893617, Prog Acc: 0.851064
Epoch 02 Maze idx 080 Default Step Loss 0.489155, Total Step Loss 0.208926, Term Acc: 0.954545, Prog Acc: 0.818182
Epoch 02 Maze idx 090 Default Step Loss 0.412583, Total Step Loss 0.181736, Term Acc: 0.989247, Prog Acc: 0.870968
Mode: train For whole Epoch 02, Time Consum 367.717415 Default Step Loss 0.570426, Total Step Loss 0.219338, Term Acc: 0.921202, Prog Acc: 0.853867
===============================
Epoch 02 Maze idx 000 Default Step Loss 0.479768, Total Step Loss 0.201263, Term Acc: 0.921053, Prog Acc: 0.868421
Epoch 02 Maze idx 010 Default Step Loss 0.509668, Total Step Loss 0.203284, Term Acc: 0.889908, Prog Acc: 0.862385
Epoch 02 Maze idx 020 Default Step Loss 0.485442, Total Step Loss 0.204838, Term Acc: 0.933333, Prog Acc: 0.833333
Epoch 02 Maze idx 030 Default Step Loss 0.412009, Total Step Loss 0.181375, Term Acc: 0.903226, Prog Acc: 0.919355
Epoch 02 Maze idx 040 Default Step Loss 0.498978, Total Step Loss 0.201723, Term Acc: 0.895349, Prog Acc: 0.860465
Mode: test_same For whole Epoch 02, Time Consum 9.944288 Default Step Loss 0.467731, Total Step Loss 0.194716, Term Acc: 0.899941, Prog Acc: 0.887361
===============================
Epoch 02 Maze idx 000 Default Step Loss 0.472921, Total Step Loss 0.193032, Term Acc: 0.885542, Prog Acc: 0.885542
Epoch 02 Maze idx 010 Default Step Loss 0.511574, Total Step Loss 0.209363, Term Acc: 0.914894, Prog Acc: 0.872340
Epoch 02 Maze idx 020 Default Step Loss 0.500877, Total Step Loss 0.199784, Term Acc: 0.884393, Prog Acc: 0.861272
Epoch 02 Maze idx 030 Default Step Loss 0.489532, Total Step Loss 0.199364, Term Acc: 0.898551, Prog Acc: 0.855072
Epoch 02 Maze idx 040 Default Step Loss 0.519552, Total Step Loss 0.204161, Term Acc: 0.880795, Prog Acc: 0.870861
Mode: test_dif For whole Epoch 02, Time Consum 24.635270 Default Step Loss 0.498914, Total Step Loss 0.199671, Term Acc: 0.885005, Prog Acc: 0.878565
===============================
Epoch 03 Maze idx 000 Default Step Loss 0.476307, Total Step Loss 0.195276, Term Acc: 0.901639, Prog Acc: 0.868852
Epoch 03 Maze idx 010 Default Step Loss 0.539825, Total Step Loss 0.229389, Term Acc: 1.000000, Prog Acc: 0.846154
Epoch 03 Maze idx 020 Default Step Loss 0.658448, Total Step Loss 0.239766, Term Acc: 0.891089, Prog Acc: 0.881188
Epoch 03 Maze idx 030 Default Step Loss 0.373023, Total Step Loss 0.166597, Term Acc: 0.887218, Prog Acc: 0.947368
Epoch 03 Maze idx 040 Default Step Loss 0.369155, Total Step Loss 0.171195, Term Acc: 0.911111, Prog Acc: 0.933333
Epoch 03 Maze idx 050 Default Step Loss 0.538828, Total Step Loss 0.223633, Term Acc: 0.954545, Prog Acc: 0.863636
Epoch 03 Maze idx 060 Default Step Loss 0.372336, Total Step Loss 0.164136, Term Acc: 0.892473, Prog Acc: 0.956989
Epoch 03 Maze idx 070 Default Step Loss 0.350145, Total Step Loss 0.159191, Term Acc: 0.888889, Prog Acc: 0.957265
Epoch 03 Maze idx 080 Default Step Loss 0.327859, Total Step Loss 0.165179, Term Acc: 0.935484, Prog Acc: 0.935484
Epoch 03 Maze idx 090 Default Step Loss 0.374087, Total Step Loss 0.171103, Term Acc: 0.909091, Prog Acc: 0.890909
Mode: train For whole Epoch 03, Time Consum 383.427031 Default Step Loss 0.391855, Total Step Loss 0.174839, Term Acc: 0.921782, Prog Acc: 0.935133
===============================
Epoch 03 Maze idx 000 Default Step Loss 0.389978, Total Step Loss 0.173616, Term Acc: 0.905660, Prog Acc: 0.943396
Epoch 03 Maze idx 010 Default Step Loss 0.371379, Total Step Loss 0.164917, Term Acc: 0.888000, Prog Acc: 0.944000
Epoch 03 Maze idx 020 Default Step Loss 0.330178, Total Step Loss 0.156191, Term Acc: 0.895349, Prog Acc: 0.976744
Epoch 03 Maze idx 030 Default Step Loss 0.381781, Total Step Loss 0.179131, Term Acc: 0.952381, Prog Acc: 0.904762
Epoch 03 Maze idx 040 Default Step Loss 0.425252, Total Step Loss 0.178293, Term Acc: 0.887218, Prog Acc: 0.954887
Mode: test_same For whole Epoch 03, Time Consum 9.781569 Default Step Loss 0.352222, Total Step Loss 0.162595, Term Acc: 0.899941, Prog Acc: 0.953482
===============================
Epoch 03 Maze idx 000 Default Step Loss 0.553688, Total Step Loss 0.209118, Term Acc: 0.879552, Prog Acc: 0.935574
Epoch 03 Maze idx 010 Default Step Loss 0.532075, Total Step Loss 0.205048, Term Acc: 0.886525, Prog Acc: 0.943262
Epoch 03 Maze idx 020 Default Step Loss 0.417185, Total Step Loss 0.175460, Term Acc: 0.882353, Prog Acc: 0.945378
Epoch 03 Maze idx 030 Default Step Loss 0.390351, Total Step Loss 0.168710, Term Acc: 0.883495, Prog Acc: 0.941748
Epoch 03 Maze idx 040 Default Step Loss 0.340670, Total Step Loss 0.171449, Term Acc: 0.954545, Prog Acc: 0.909091
Mode: test_dif For whole Epoch 03, Time Consum 24.634848 Default Step Loss 0.463837, Total Step Loss 0.187552, Term Acc: 0.885005, Prog Acc: 0.938477
===============================
Epoch 04 Maze idx 000 Default Step Loss 0.382997, Total Step Loss 0.192303, Term Acc: 1.000000, Prog Acc: 0.800000
Epoch 04 Maze idx 010 Default Step Loss 0.287092, Total Step Loss 0.147381, Term Acc: 0.922078, Prog Acc: 0.974026
Epoch 04 Maze idx 020 Default Step Loss 0.298340, Total Step Loss 0.146985, Term Acc: 0.892473, Prog Acc: 0.978495
Epoch 04 Maze idx 030 Default Step Loss 0.411968, Total Step Loss 0.177969, Term Acc: 0.932203, Prog Acc: 0.923729
Epoch 04 Maze idx 040 Default Step Loss 0.757864, Total Step Loss 0.269857, Term Acc: 0.894737, Prog Acc: 0.815789
Epoch 04 Maze idx 050 Default Step Loss 0.541102, Total Step Loss 0.207875, Term Acc: 0.892473, Prog Acc: 0.892473
Epoch 04 Maze idx 060 Default Step Loss 0.347443, Total Step Loss 0.172762, Term Acc: 0.952381, Prog Acc: 0.952381
Epoch 04 Maze idx 070 Default Step Loss 0.346338, Total Step Loss 0.158778, Term Acc: 0.888889, Prog Acc: 0.974359
Epoch 04 Maze idx 080 Default Step Loss 0.353504, Total Step Loss 0.183708, Term Acc: 1.000000, Prog Acc: 0.923077
Epoch 04 Maze idx 090 Default Step Loss 0.358153, Total Step Loss 0.161049, Term Acc: 0.900000, Prog Acc: 0.971429
Mode: train For whole Epoch 04, Time Consum 378.239879 Default Step Loss 0.410171, Total Step Loss 0.178218, Term Acc: 0.921347, Prog Acc: 0.942244
===============================
Epoch 04 Maze idx 000 Default Step Loss 0.246994, Total Step Loss 0.138943, Term Acc: 0.992481, Prog Acc: 0.984962
Epoch 04 Maze idx 010 Default Step Loss 0.274699, Total Step Loss 0.148189, Term Acc: 0.983871, Prog Acc: 0.951613
Epoch 04 Maze idx 020 Default Step Loss 0.307205, Total Step Loss 0.157881, Term Acc: 0.972973, Prog Acc: 0.972973
Epoch 04 Maze idx 030 Default Step Loss 0.336602, Total Step Loss 0.176516, Term Acc: 0.928571, Prog Acc: 0.928571
Epoch 04 Maze idx 040 Default Step Loss 0.224497, Total Step Loss 0.134122, Term Acc: 1.000000, Prog Acc: 0.992481
Mode: test_same For whole Epoch 04, Time Consum 9.831631 Default Step Loss 0.257606, Total Step Loss 0.143314, Term Acc: 0.986542, Prog Acc: 0.979228
===============================
Epoch 04 Maze idx 000 Default Step Loss 0.308213, Total Step Loss 0.153100, Term Acc: 0.996587, Prog Acc: 0.979522
Epoch 04 Maze idx 010 Default Step Loss 0.290782, Total Step Loss 0.150821, Term Acc: 0.993007, Prog Acc: 0.951049
Epoch 04 Maze idx 020 Default Step Loss 0.243340, Total Step Loss 0.140660, Term Acc: 0.987342, Prog Acc: 0.987342
Epoch 04 Maze idx 030 Default Step Loss 0.262667, Total Step Loss 0.144094, Term Acc: 0.989362, Prog Acc: 0.968085
Epoch 04 Maze idx 040 Default Step Loss 0.385346, Total Step Loss 0.179897, Term Acc: 0.966667, Prog Acc: 0.866667
Mode: test_dif For whole Epoch 04, Time Consum 24.889869 Default Step Loss 0.299011, Total Step Loss 0.152008, Term Acc: 0.994020, Prog Acc: 0.965271
===============================
Epoch 05 Maze idx 000 Default Step Loss 0.228369, Total Step Loss 0.134471, Term Acc: 0.984962, Prog Acc: 0.992481
Epoch 05 Maze idx 010 Default Step Loss 0.443360, Total Step Loss 0.189489, Term Acc: 0.921053, Prog Acc: 0.921053
Epoch 05 Maze idx 020 Default Step Loss 0.386570, Total Step Loss 0.170357, Term Acc: 0.905660, Prog Acc: 0.962264
Epoch 05 Maze idx 030 Default Step Loss 0.324648, Total Step Loss 0.175803, Term Acc: 1.000000, Prog Acc: 0.928571
Epoch 05 Maze idx 040 Default Step Loss 0.294838, Total Step Loss 0.147117, Term Acc: 0.890909, Prog Acc: 0.981818
Epoch 05 Maze idx 050 Default Step Loss 0.280085, Total Step Loss 0.144372, Term Acc: 0.903226, Prog Acc: 0.983871
Epoch 05 Maze idx 060 Default Step Loss 0.234399, Total Step Loss 0.134674, Term Acc: 0.946809, Prog Acc: 0.989362
Epoch 05 Maze idx 070 Default Step Loss 0.277424, Total Step Loss 0.165531, Term Acc: 1.000000, Prog Acc: 0.923077
Epoch 05 Maze idx 080 Default Step Loss 0.396899, Total Step Loss 0.184607, Term Acc: 0.952381, Prog Acc: 0.904762
Epoch 05 Maze idx 090 Default Step Loss 0.224353, Total Step Loss 0.135626, Term Acc: 0.983871, Prog Acc: 0.983871
Mode: train For whole Epoch 05, Time Consum 376.516679 Default Step Loss 0.295682, Total Step Loss 0.149652, Term Acc: 0.926571, Prog Acc: 0.975185
===============================
Epoch 05 Maze idx 000 Default Step Loss 0.321140, Total Step Loss 0.171342, Term Acc: 0.928571, Prog Acc: 0.928571
Epoch 05 Maze idx 010 Default Step Loss 0.248462, Total Step Loss 0.137843, Term Acc: 0.917293, Prog Acc: 0.992481
Epoch 05 Maze idx 020 Default Step Loss 0.265433, Total Step Loss 0.141262, Term Acc: 0.899083, Prog Acc: 0.990826
Epoch 05 Maze idx 030 Default Step Loss 0.236584, Total Step Loss 0.138078, Term Acc: 0.983871, Prog Acc: 0.983871
Epoch 05 Maze idx 040 Default Step Loss 0.241718, Total Step Loss 0.136666, Term Acc: 0.952000, Prog Acc: 0.992000
Mode: test_same For whole Epoch 05, Time Consum 9.877481 Default Step Loss 0.251126, Total Step Loss 0.140634, Term Acc: 0.933294, Prog Acc: 0.983909
===============================
Epoch 05 Maze idx 000 Default Step Loss 0.389582, Total Step Loss 0.171694, Term Acc: 0.907563, Prog Acc: 0.957983
Epoch 05 Maze idx 010 Default Step Loss 0.254160, Total Step Loss 0.140118, Term Acc: 0.923729, Prog Acc: 0.983051
Epoch 05 Maze idx 020 Default Step Loss 0.377163, Total Step Loss 0.169336, Term Acc: 0.903030, Prog Acc: 0.975758
Epoch 05 Maze idx 030 Default Step Loss 0.248020, Total Step Loss 0.151790, Term Acc: 1.000000, Prog Acc: 0.954545
Epoch 05 Maze idx 040 Default Step Loss 0.369456, Total Step Loss 0.166686, Term Acc: 0.906593, Prog Acc: 0.956044
Mode: test_dif For whole Epoch 05, Time Consum 25.398709 Default Step Loss 0.386366, Total Step Loss 0.171405, Term Acc: 0.901794, Prog Acc: 0.960442
===============================
Epoch 06 Maze idx 000 Default Step Loss 0.229117, Total Step Loss 0.133671, Term Acc: 0.946809, Prog Acc: 0.989362
Epoch 06 Maze idx 010 Default Step Loss 0.260037, Total Step Loss 0.141828, Term Acc: 0.943396, Prog Acc: 0.981132
Epoch 06 Maze idx 020 Default Step Loss 0.270394, Total Step Loss 0.140565, Term Acc: 0.915493, Prog Acc: 0.985915
Epoch 06 Maze idx 030 Default Step Loss 0.275356, Total Step Loss 0.140813, Term Acc: 0.892473, Prog Acc: 0.989247
Epoch 06 Maze idx 040 Default Step Loss 0.363259, Total Step Loss 0.156889, Term Acc: 0.890909, Prog Acc: 0.972727
Epoch 06 Maze idx 050 Default Step Loss 0.204326, Total Step Loss 0.132106, Term Acc: 0.967742, Prog Acc: 0.983871
Epoch 06 Maze idx 060 Default Step Loss 0.333743, Total Step Loss 0.157575, Term Acc: 0.924812, Prog Acc: 0.969925
Epoch 06 Maze idx 070 Default Step Loss 0.272873, Total Step Loss 0.140758, Term Acc: 0.894118, Prog Acc: 0.988235
Epoch 06 Maze idx 080 Default Step Loss 0.386844, Total Step Loss 0.178172, Term Acc: 0.933333, Prog Acc: 0.933333
Epoch 06 Maze idx 090 Default Step Loss 0.288458, Total Step Loss 0.142732, Term Acc: 0.894118, Prog Acc: 0.988235
Mode: train For whole Epoch 06, Time Consum 376.681924 Default Step Loss 0.264732, Total Step Loss 0.141571, Term Acc: 0.925990, Prog Acc: 0.981860
===============================
Epoch 06 Maze idx 000 Default Step Loss 0.261036, Total Step Loss 0.144967, Term Acc: 0.918919, Prog Acc: 0.972973
Epoch 06 Maze idx 010 Default Step Loss 0.249575, Total Step Loss 0.148532, Term Acc: 0.954545, Prog Acc: 0.954545
Epoch 06 Maze idx 020 Default Step Loss 0.266077, Total Step Loss 0.142534, Term Acc: 0.905660, Prog Acc: 0.981132
Epoch 06 Maze idx 030 Default Step Loss 0.282708, Total Step Loss 0.141665, Term Acc: 0.889908, Prog Acc: 0.990826
Epoch 06 Maze idx 040 Default Step Loss 0.282123, Total Step Loss 0.154633, Term Acc: 0.952381, Prog Acc: 0.952381
Mode: test_same For whole Epoch 06, Time Consum 9.898685 Default Step Loss 0.272019, Total Step Loss 0.142299, Term Acc: 0.901404, Prog Acc: 0.982446
===============================
Epoch 06 Maze idx 000 Default Step Loss 0.520130, Total Step Loss 0.199672, Term Acc: 0.885542, Prog Acc: 0.945783
Epoch 06 Maze idx 010 Default Step Loss 0.447653, Total Step Loss 0.180934, Term Acc: 0.884615, Prog Acc: 0.934066
Epoch 06 Maze idx 020 Default Step Loss 0.404072, Total Step Loss 0.169722, Term Acc: 0.883495, Prog Acc: 0.946602
Epoch 06 Maze idx 030 Default Step Loss 0.498485, Total Step Loss 0.195586, Term Acc: 0.888112, Prog Acc: 0.951049
Epoch 06 Maze idx 040 Default Step Loss 0.565016, Total Step Loss 0.211608, Term Acc: 0.886076, Prog Acc: 0.917722
Mode: test_dif For whole Epoch 06, Time Consum 24.813918 Default Step Loss 0.432349, Total Step Loss 0.177535, Term Acc: 0.885235, Prog Acc: 0.951702
===============================
Epoch 07 Maze idx 000 Default Step Loss 0.264255, Total Step Loss 0.139479, Term Acc: 0.897436, Prog Acc: 0.987179
Epoch 07 Maze idx 010 Default Step Loss 0.256264, Total Step Loss 0.138349, Term Acc: 0.898551, Prog Acc: 0.985507
Epoch 07 Maze idx 020 Default Step Loss 0.217902, Total Step Loss 0.143121, Term Acc: 0.966667, Prog Acc: 0.966667
Epoch 07 Maze idx 030 Default Step Loss 0.337636, Total Step Loss 0.150505, Term Acc: 0.893617, Prog Acc: 0.989362
Epoch 07 Maze idx 040 Default Step Loss 0.132609, Total Step Loss 0.117261, Term Acc: 1.000000, Prog Acc: 1.000000
Epoch 07 Maze idx 050 Default Step Loss 0.302906, Total Step Loss 0.151844, Term Acc: 0.935484, Prog Acc: 0.967742
Epoch 07 Maze idx 060 Default Step Loss 0.339187, Total Step Loss 0.154351, Term Acc: 0.934783, Prog Acc: 0.934783
Epoch 07 Maze idx 070 Default Step Loss 0.358609, Total Step Loss 0.153764, Term Acc: 0.903226, Prog Acc: 0.951613
Epoch 07 Maze idx 080 Default Step Loss 0.212758, Total Step Loss 0.140295, Term Acc: 0.954545, Prog Acc: 1.000000
Epoch 07 Maze idx 090 Default Step Loss 0.229713, Total Step Loss 0.131930, Term Acc: 0.936000, Prog Acc: 0.992000
Mode: train For whole Epoch 07, Time Consum 383.370408 Default Step Loss 0.258683, Total Step Loss 0.140146, Term Acc: 0.937600, Prog Acc: 0.976781
===============================
Epoch 07 Maze idx 000 Default Step Loss 0.242466, Total Step Loss 0.146674, Term Acc: 0.954545, Prog Acc: 0.954545
Epoch 07 Maze idx 010 Default Step Loss 0.241408, Total Step Loss 0.146382, Term Acc: 0.954545, Prog Acc: 0.954545
Epoch 07 Maze idx 020 Default Step Loss 0.217603, Total Step Loss 0.135789, Term Acc: 0.973684, Prog Acc: 0.973684
Epoch 07 Maze idx 030 Default Step Loss 0.206387, Total Step Loss 0.137659, Term Acc: 0.966667, Prog Acc: 0.966667
Epoch 07 Maze idx 040 Default Step Loss 0.210216, Total Step Loss 0.130135, Term Acc: 0.968085, Prog Acc: 0.989362
Mode: test_same For whole Epoch 07, Time Consum 9.771891 Default Step Loss 0.225592, Total Step Loss 0.134624, Term Acc: 0.964307, Prog Acc: 0.984786
===============================
Epoch 07 Maze idx 000 Default Step Loss 0.444656, Total Step Loss 0.183898, Term Acc: 0.929167, Prog Acc: 0.945833
Epoch 07 Maze idx 010 Default Step Loss 0.207587, Total Step Loss 0.142376, Term Acc: 1.000000, Prog Acc: 0.954545
Epoch 07 Maze idx 020 Default Step Loss 0.298033, Total Step Loss 0.153630, Term Acc: 0.974684, Prog Acc: 0.962025
Epoch 07 Maze idx 030 Default Step Loss 0.211637, Total Step Loss 0.130688, Term Acc: 1.000000, Prog Acc: 0.989362
Epoch 07 Maze idx 040 Default Step Loss 0.627030, Total Step Loss 0.229588, Term Acc: 0.924051, Prog Acc: 0.905063
Mode: test_dif For whole Epoch 07, Time Consum 24.837695 Default Step Loss 0.430819, Total Step Loss 0.180164, Term Acc: 0.915018, Prog Acc: 0.938822
===============================
Epoch 08 Maze idx 000 Default Step Loss 0.236183, Total Step Loss 0.137475, Term Acc: 0.962264, Prog Acc: 0.981132
Epoch 08 Maze idx 010 Default Step Loss 0.242475, Total Step Loss 0.138397, Term Acc: 0.956522, Prog Acc: 0.956522
Epoch 08 Maze idx 020 Default Step Loss 0.710321, Total Step Loss 0.266654, Term Acc: 1.000000, Prog Acc: 0.894737
Epoch 08 Maze idx 030 Default Step Loss 0.172416, Total Step Loss 0.126152, Term Acc: 0.971014, Prog Acc: 0.985507
Epoch 08 Maze idx 040 Default Step Loss 0.189973, Total Step Loss 0.125544, Term Acc: 0.969925, Prog Acc: 1.000000
Epoch 08 Maze idx 050 Default Step Loss 0.382521, Total Step Loss 0.180336, Term Acc: 0.928571, Prog Acc: 0.928571
Epoch 08 Maze idx 060 Default Step Loss 0.146131, Total Step Loss 0.122832, Term Acc: 0.983871, Prog Acc: 0.983871
Epoch 08 Maze idx 070 Default Step Loss 0.243364, Total Step Loss 0.140935, Term Acc: 0.978723, Prog Acc: 0.978723
Epoch 08 Maze idx 080 Default Step Loss 0.430114, Total Step Loss 0.190981, Term Acc: 0.928571, Prog Acc: 0.857143
Epoch 08 Maze idx 090 Default Step Loss 0.194775, Total Step Loss 0.134153, Term Acc: 1.000000, Prog Acc: 0.965517
Mode: train For whole Epoch 08, Time Consum 385.439030 Default Step Loss 0.245825, Total Step Loss 0.137865, Term Acc: 0.949644, Prog Acc: 0.977072
===============================
Epoch 08 Maze idx 000 Default Step Loss 0.187777, Total Step Loss 0.135588, Term Acc: 0.954545, Prog Acc: 1.000000
Epoch 08 Maze idx 010 Default Step Loss 0.328219, Total Step Loss 0.155950, Term Acc: 0.918919, Prog Acc: 0.918919
Epoch 08 Maze idx 020 Default Step Loss 0.207469, Total Step Loss 0.138258, Term Acc: 0.954545, Prog Acc: 1.000000
Epoch 08 Maze idx 030 Default Step Loss 0.297253, Total Step Loss 0.147932, Term Acc: 0.921053, Prog Acc: 0.921053
Epoch 08 Maze idx 040 Default Step Loss 0.326994, Total Step Loss 0.154261, Term Acc: 0.918919, Prog Acc: 0.945946
Mode: test_same For whole Epoch 08, Time Consum 9.777802 Default Step Loss 0.394969, Total Step Loss 0.160864, Term Acc: 0.902282, Prog Acc: 0.933294
===============================
Epoch 08 Maze idx 000 Default Step Loss 0.554149, Total Step Loss 0.191387, Term Acc: 0.896552, Prog Acc: 0.873563
Epoch 08 Maze idx 010 Default Step Loss 0.853674, Total Step Loss 0.252926, Term Acc: 0.873626, Prog Acc: 0.824176
Epoch 08 Maze idx 020 Default Step Loss 0.371595, Total Step Loss 0.157875, Term Acc: 0.898551, Prog Acc: 0.942029
Epoch 08 Maze idx 030 Default Step Loss 1.111479, Total Step Loss 0.309175, Term Acc: 0.860068, Prog Acc: 0.791809
Epoch 08 Maze idx 040 Default Step Loss 0.190149, Total Step Loss 0.151286, Term Acc: 1.000000, Prog Acc: 0.928571
Mode: test_dif For whole Epoch 08, Time Consum 24.979509 Default Step Loss 0.822693, Total Step Loss 0.248318, Term Acc: 0.877530, Prog Acc: 0.833027
===============================
Epoch 09 Maze idx 000 Default Step Loss 0.322538, Total Step Loss 0.154015, Term Acc: 0.931034, Prog Acc: 0.931034
Epoch 09 Maze idx 010 Default Step Loss 0.202978, Total Step Loss 0.126683, Term Acc: 0.954887, Prog Acc: 1.000000
Epoch 09 Maze idx 020 Default Step Loss 0.239632, Total Step Loss 0.133067, Term Acc: 0.967742, Prog Acc: 0.978495
Epoch 09 Maze idx 030 Default Step Loss 0.196631, Total Step Loss 0.131122, Term Acc: 0.977778, Prog Acc: 0.977778
Epoch 09 Maze idx 040 Default Step Loss 0.225841, Total Step Loss 0.131244, Term Acc: 0.914286, Prog Acc: 0.985714
Epoch 09 Maze idx 050 Default Step Loss 0.161138, Total Step Loss 0.122226, Term Acc: 0.978723, Prog Acc: 0.989362
Epoch 09 Maze idx 060 Default Step Loss 0.280471, Total Step Loss 0.144260, Term Acc: 0.955556, Prog Acc: 0.955556
Epoch 09 Maze idx 070 Default Step Loss 0.185815, Total Step Loss 0.126416, Term Acc: 0.988235, Prog Acc: 0.988235
Epoch 09 Maze idx 080 Default Step Loss 0.187581, Total Step Loss 0.135707, Term Acc: 1.000000, Prog Acc: 0.931034
Epoch 09 Maze idx 090 Default Step Loss 0.235095, Total Step Loss 0.140863, Term Acc: 0.967742, Prog Acc: 0.967742
Mode: train For whole Epoch 09, Time Consum 391.625228 Default Step Loss 0.222277, Total Step Loss 0.132911, Term Acc: 0.958061, Prog Acc: 0.978378
===============================
Epoch 09 Maze idx 000 Default Step Loss 0.157430, Total Step Loss 0.120665, Term Acc: 0.976000, Prog Acc: 0.976000
Epoch 09 Maze idx 010 Default Step Loss 0.215300, Total Step Loss 0.132217, Term Acc: 0.951613, Prog Acc: 0.967742
Epoch 09 Maze idx 020 Default Step Loss 0.137658, Total Step Loss 0.118636, Term Acc: 0.989362, Prog Acc: 0.989362
Epoch 09 Maze idx 030 Default Step Loss 0.270990, Total Step Loss 0.142164, Term Acc: 0.962963, Prog Acc: 0.981481
Epoch 09 Maze idx 040 Default Step Loss 0.187815, Total Step Loss 0.132069, Term Acc: 0.973684, Prog Acc: 0.973684
Mode: test_same For whole Epoch 09, Time Consum 9.937795 Default Step Loss 0.193974, Total Step Loss 0.129245, Term Acc: 0.968695, Prog Acc: 0.975132
===============================
Epoch 09 Maze idx 000 Default Step Loss 0.540191, Total Step Loss 0.189723, Term Acc: 0.904908, Prog Acc: 0.907975
Epoch 09 Maze idx 010 Default Step Loss 0.715770, Total Step Loss 0.228958, Term Acc: 0.897196, Prog Acc: 0.855140
Epoch 09 Maze idx 020 Default Step Loss 0.308056, Total Step Loss 0.146664, Term Acc: 0.948718, Prog Acc: 0.948718
Epoch 09 Maze idx 030 Default Step Loss 0.340770, Total Step Loss 0.158505, Term Acc: 0.966667, Prog Acc: 0.966667
Epoch 09 Maze idx 040 Default Step Loss 0.551391, Total Step Loss 0.195542, Term Acc: 0.914894, Prog Acc: 0.914894
Mode: test_dif For whole Epoch 09, Time Consum 24.906552 Default Step Loss 0.558052, Total Step Loss 0.195811, Term Acc: 0.917203, Prog Acc: 0.891099
===============================
Epoch 10 Maze idx 000 Default Step Loss 0.090623, Total Step Loss 0.114236, Term Acc: 1.000000, Prog Acc: 0.981132
Epoch 10 Maze idx 010 Default Step Loss 0.154185, Total Step Loss 0.124336, Term Acc: 0.981132, Prog Acc: 0.981132
Epoch 10 Maze idx 020 Default Step Loss 0.074617, Total Step Loss 0.107550, Term Acc: 1.000000, Prog Acc: 1.000000
Epoch 10 Maze idx 030 Default Step Loss 0.471851, Total Step Loss 0.168422, Term Acc: 0.913978, Prog Acc: 0.924731
Epoch 10 Maze idx 040 Default Step Loss 0.197933, Total Step Loss 0.132619, Term Acc: 0.966667, Prog Acc: 1.000000
Epoch 10 Maze idx 050 Default Step Loss 0.178741, Total Step Loss 0.122978, Term Acc: 0.963636, Prog Acc: 0.990909
Epoch 10 Maze idx 060 Default Step Loss 0.409353, Total Step Loss 0.159025, Term Acc: 0.905882, Prog Acc: 0.941176
Epoch 10 Maze idx 070 Default Step Loss 0.040869, Total Step Loss 0.102428, Term Acc: 1.000000, Prog Acc: 1.000000
Epoch 10 Maze idx 080 Default Step Loss 0.226914, Total Step Loss 0.131405, Term Acc: 0.928571, Prog Acc: 0.985714
Epoch 10 Maze idx 090 Default Step Loss 0.251608, Total Step Loss 0.139586, Term Acc: 0.921053, Prog Acc: 0.973684
Mode: train For whole Epoch 10, Time Consum 380.602576 Default Step Loss 0.191355, Total Step Loss 0.127245, Term Acc: 0.967494, Prog Acc: 0.981280
===============================
Epoch 10 Maze idx 000 Default Step Loss 0.233836, Total Step Loss 0.138940, Term Acc: 0.977444, Prog Acc: 0.962406
Epoch 10 Maze idx 010 Default Step Loss 0.449930, Total Step Loss 0.183722, Term Acc: 0.928571, Prog Acc: 0.928571
Epoch 10 Maze idx 020 Default Step Loss 0.402641, Total Step Loss 0.176321, Term Acc: 0.928571, Prog Acc: 0.928571
Epoch 10 Maze idx 030 Default Step Loss 0.246831, Total Step Loss 0.142948, Term Acc: 0.984962, Prog Acc: 0.969925
Epoch 10 Maze idx 040 Default Step Loss 0.164619, Total Step Loss 0.129712, Term Acc: 0.966667, Prog Acc: 0.966667
Mode: test_same For whole Epoch 10, Time Consum 9.767026 Default Step Loss 0.271197, Total Step Loss 0.148625, Term Acc: 0.971036, Prog Acc: 0.951141
===============================
Epoch 10 Maze idx 000 Default Step Loss 0.865360, Total Step Loss 0.258789, Term Acc: 0.893557, Prog Acc: 0.831933
Epoch 10 Maze idx 010 Default Step Loss 0.674636, Total Step Loss 0.224129, Term Acc: 0.921687, Prog Acc: 0.885542
Epoch 10 Maze idx 020 Default Step Loss 0.745646, Total Step Loss 0.240808, Term Acc: 0.917476, Prog Acc: 0.849515
Epoch 10 Maze idx 030 Default Step Loss 0.994420, Total Step Loss 0.285184, Term Acc: 0.886463, Prog Acc: 0.807860
Epoch 10 Maze idx 040 Default Step Loss 0.718732, Total Step Loss 0.237630, Term Acc: 0.929078, Prog Acc: 0.865248
Mode: test_dif For whole Epoch 10, Time Consum 24.898925 Default Step Loss 0.811944, Total Step Loss 0.254657, Term Acc: 0.914328, Prog Acc: 0.843836
===============================
Epoch 11 Maze idx 000 Default Step Loss 0.186363, Total Step Loss 0.126187, Term Acc: 0.976471, Prog Acc: 0.988235
Epoch 11 Maze idx 010 Default Step Loss 0.064594, Total Step Loss 0.122918, Term Acc: 1.000000, Prog Acc: 1.000000
Epoch 11 Maze idx 020 Default Step Loss 0.233230, Total Step Loss 0.131205, Term Acc: 0.950980, Prog Acc: 0.990196
Epoch 11 Maze idx 030 Default Step Loss 0.227863, Total Step Loss 0.129367, Term Acc: 0.960000, Prog Acc: 0.984000
Epoch 11 Maze idx 040 Default Step Loss 0.138306, Total Step Loss 0.120043, Term Acc: 0.985507, Prog Acc: 0.971014
Epoch 11 Maze idx 050 Default Step Loss 0.253757, Total Step Loss 0.132749, Term Acc: 0.926606, Prog Acc: 0.981651
Epoch 11 Maze idx 060 Default Step Loss 0.149534, Total Step Loss 0.120298, Term Acc: 0.974359, Prog Acc: 0.974359
Epoch 11 Maze idx 070 Default Step Loss 0.085991, Total Step Loss 0.109026, Term Acc: 1.000000, Prog Acc: 1.000000
Epoch 11 Maze idx 080 Default Step Loss 0.127851, Total Step Loss 0.126720, Term Acc: 1.000000, Prog Acc: 0.954545
Epoch 11 Maze idx 090 Default Step Loss 0.147402, Total Step Loss 0.118045, Term Acc: 0.957746, Prog Acc: 1.000000
Mode: train For whole Epoch 11, Time Consum 385.508898 Default Step Loss 0.171238, Total Step Loss 0.123842, Term Acc: 0.973153, Prog Acc: 0.984763
===============================
Epoch 11 Maze idx 000 Default Step Loss 0.146137, Total Step Loss 0.119568, Term Acc: 0.981818, Prog Acc: 1.000000
Epoch 11 Maze idx 010 Default Step Loss 0.177351, Total Step Loss 0.126275, Term Acc: 0.978723, Prog Acc: 0.978723
Epoch 11 Maze idx 020 Default Step Loss 0.275832, Total Step Loss 0.145296, Term Acc: 0.972973, Prog Acc: 0.972973
Epoch 11 Maze idx 030 Default Step Loss 0.298333, Total Step Loss 0.143442, Term Acc: 0.935484, Prog Acc: 0.951613
Epoch 11 Maze idx 040 Default Step Loss 0.348591, Total Step Loss 0.151637, Term Acc: 0.940678, Prog Acc: 0.966102
Mode: test_same For whole Epoch 11, Time Consum 9.896255 Default Step Loss 0.245802, Total Step Loss 0.135157, Term Acc: 0.957285, Prog Acc: 0.972499
===============================
Epoch 11 Maze idx 000 Default Step Loss 0.950174, Total Step Loss 0.256373, Term Acc: 0.893151, Prog Acc: 0.873973
Epoch 11 Maze idx 010 Default Step Loss 1.078817, Total Step Loss 0.284836, Term Acc: 0.878136, Prog Acc: 0.849462
Epoch 11 Maze idx 020 Default Step Loss 0.534445, Total Step Loss 0.188737, Term Acc: 0.930233, Prog Acc: 0.918605
Epoch 11 Maze idx 030 Default Step Loss 0.864382, Total Step Loss 0.240405, Term Acc: 0.897010, Prog Acc: 0.877076
Epoch 11 Maze idx 040 Default Step Loss 0.328477, Total Step Loss 0.164755, Term Acc: 0.954545, Prog Acc: 0.863636
Mode: test_dif For whole Epoch 11, Time Consum 25.032649 Default Step Loss 0.840484, Total Step Loss 0.241291, Term Acc: 0.897884, Prog Acc: 0.879025
===============================
Epoch 12 Maze idx 000 Default Step Loss 0.109184, Total Step Loss 0.131466, Term Acc: 1.000000, Prog Acc: 1.000000
Epoch 12 Maze idx 010 Default Step Loss 0.068308, Total Step Loss 0.124430, Term Acc: 1.000000, Prog Acc: 1.000000
Epoch 12 Maze idx 020 Default Step Loss 0.217449, Total Step Loss 0.130002, Term Acc: 0.978495, Prog Acc: 0.978495
Epoch 12 Maze idx 030 Default Step Loss 0.096501, Total Step Loss 0.109776, Term Acc: 0.984000, Prog Acc: 1.000000
Epoch 12 Maze idx 040 Default Step Loss 0.305994, Total Step Loss 0.142323, Term Acc: 0.946237, Prog Acc: 0.978495
Epoch 12 Maze idx 050 Default Step Loss 0.236783, Total Step Loss 0.130095, Term Acc: 0.926606, Prog Acc: 0.981651
Epoch 12 Maze idx 060 Default Step Loss 0.379041, Total Step Loss 0.154133, Term Acc: 0.930693, Prog Acc: 0.950495
Epoch 12 Maze idx 070 Default Step Loss 0.106630, Total Step Loss 0.111379, Term Acc: 0.977444, Prog Acc: 0.992481
Epoch 12 Maze idx 080 Default Step Loss 0.158829, Total Step Loss 0.119387, Term Acc: 0.971429, Prog Acc: 1.000000
Epoch 12 Maze idx 090 Default Step Loss 0.086233, Total Step Loss 0.119066, Term Acc: 1.000000, Prog Acc: 1.000000
Mode: train For whole Epoch 12, Time Consum 394.707525 Default Step Loss 0.154055, Total Step Loss 0.120750, Term Acc: 0.977072, Prog Acc: 0.985779
===============================
Epoch 12 Maze idx 000 Default Step Loss 0.149292, Total Step Loss 0.118428, Term Acc: 0.976744, Prog Acc: 0.976744
Epoch 12 Maze idx 010 Default Step Loss 0.195243, Total Step Loss 0.128043, Term Acc: 0.967742, Prog Acc: 0.967742
Epoch 12 Maze idx 020 Default Step Loss 0.192931, Total Step Loss 0.128480, Term Acc: 0.971014, Prog Acc: 0.971014
Epoch 12 Maze idx 030 Default Step Loss 0.051434, Total Step Loss 0.103242, Term Acc: 1.000000, Prog Acc: 1.000000
Epoch 12 Maze idx 040 Default Step Loss 0.167551, Total Step Loss 0.121254, Term Acc: 0.970297, Prog Acc: 0.980198
Mode: test_same For whole Epoch 12, Time Consum 9.776838 Default Step Loss 0.166826, Total Step Loss 0.123538, Term Acc: 0.975717, Prog Acc: 0.978642
===============================
Epoch 12 Maze idx 000 Default Step Loss 0.655178, Total Step Loss 0.205380, Term Acc: 0.913295, Prog Acc: 0.913295
Epoch 12 Maze idx 010 Default Step Loss 0.486708, Total Step Loss 0.193754, Term Acc: 0.933333, Prog Acc: 0.900000
Epoch 12 Maze idx 020 Default Step Loss 0.783895, Total Step Loss 0.228544, Term Acc: 0.910180, Prog Acc: 0.886228
Epoch 12 Maze idx 030 Default Step Loss 0.664483, Total Step Loss 0.207957, Term Acc: 0.911765, Prog Acc: 0.882353
Epoch 12 Maze idx 040 Default Step Loss 1.076972, Total Step Loss 0.292214, Term Acc: 0.899281, Prog Acc: 0.859712
Mode: test_dif For whole Epoch 12, Time Consum 24.827739 Default Step Loss 0.850131, Total Step Loss 0.246352, Term Acc: 0.914213, Prog Acc: 0.872815
===============================
Epoch 13 Maze idx 000 Default Step Loss 0.171584, Total Step Loss 0.125741, Term Acc: 0.956522, Prog Acc: 0.978261
Epoch 13 Maze idx 010 Default Step Loss 0.119886, Total Step Loss 0.112790, Term Acc: 0.984962, Prog Acc: 0.992481
Epoch 13 Maze idx 020 Default Step Loss 0.060119, Total Step Loss 0.105449, Term Acc: 1.000000, Prog Acc: 1.000000
Epoch 13 Maze idx 030 Default Step Loss 0.085593, Total Step Loss 0.107498, Term Acc: 0.992063, Prog Acc: 1.000000
Epoch 13 Maze idx 040 Default Step Loss 0.225602, Total Step Loss 0.142136, Term Acc: 0.952381, Prog Acc: 0.952381
Epoch 13 Maze idx 050 Default Step Loss 0.110000, Total Step Loss 0.123026, Term Acc: 1.000000, Prog Acc: 0.952381
Epoch 13 Maze idx 060 Default Step Loss 0.098309, Total Step Loss 0.113119, Term Acc: 0.983871, Prog Acc: 0.983871
Epoch 13 Maze idx 070 Default Step Loss 0.016110, Total Step Loss 0.100273, Term Acc: 1.000000, Prog Acc: 1.000000
Epoch 13 Maze idx 080 Default Step Loss 0.182511, Total Step Loss 0.128223, Term Acc: 0.978261, Prog Acc: 0.978261
Epoch 13 Maze idx 090 Default Step Loss 0.087267, Total Step Loss 0.109098, Term Acc: 0.985714, Prog Acc: 1.000000
Mode: train For whole Epoch 13, Time Consum 375.676152 Default Step Loss 0.133019, Total Step Loss 0.117037, Term Acc: 0.981280, Prog Acc: 0.988100
===============================
Epoch 13 Maze idx 000 Default Step Loss 0.295909, Total Step Loss 0.146510, Term Acc: 0.947368, Prog Acc: 0.947368
Epoch 13 Maze idx 010 Default Step Loss 0.103256, Total Step Loss 0.121058, Term Acc: 1.000000, Prog Acc: 0.954545
Epoch 13 Maze idx 020 Default Step Loss 0.214729, Total Step Loss 0.131511, Term Acc: 0.962264, Prog Acc: 0.981132
Epoch 13 Maze idx 030 Default Step Loss 0.224068, Total Step Loss 0.134634, Term Acc: 0.973684, Prog Acc: 0.947368
Epoch 13 Maze idx 040 Default Step Loss 0.361962, Total Step Loss 0.153944, Term Acc: 0.951613, Prog Acc: 0.967742
Mode: test_same For whole Epoch 13, Time Consum 7.143323 Default Step Loss 0.277468, Total Step Loss 0.140050, Term Acc: 0.952604, Prog Acc: 0.966940
===============================
Epoch 13 Maze idx 000 Default Step Loss 1.090152, Total Step Loss 0.284331, Term Acc: 0.893204, Prog Acc: 0.844660
Epoch 13 Maze idx 010 Default Step Loss 0.517215, Total Step Loss 0.187776, Term Acc: 0.936709, Prog Acc: 0.924051
Epoch 13 Maze idx 020 Default Step Loss 1.316370, Total Step Loss 0.325491, Term Acc: 0.893151, Prog Acc: 0.835616
Epoch 13 Maze idx 030 Default Step Loss 1.395261, Total Step Loss 0.346902, Term Acc: 0.884892, Prog Acc: 0.816547
Epoch 13 Maze idx 040 Default Step Loss 1.076559, Total Step Loss 0.295810, Term Acc: 0.909091, Prog Acc: 0.836364
Mode: test_dif For whole Epoch 13, Time Consum 18.137004 Default Step Loss 1.141625, Total Step Loss 0.295867, Term Acc: 0.894089, Prog Acc: 0.847746
===============================
Epoch 14 Maze idx 000 Default Step Loss 0.167149, Total Step Loss 0.119590, Term Acc: 0.969925, Prog Acc: 0.992481
Epoch 14 Maze idx 010 Default Step Loss 0.118427, Total Step Loss 0.112749, Term Acc: 0.981818, Prog Acc: 0.990909
Epoch 14 Maze idx 020 Default Step Loss 0.061347, Total Step Loss 0.112208, Term Acc: 1.000000, Prog Acc: 1.000000
Epoch 14 Maze idx 030 Default Step Loss 0.155611, Total Step Loss 0.118419, Term Acc: 0.968085, Prog Acc: 0.989362
Epoch 14 Maze idx 040 Default Step Loss 0.153791, Total Step Loss 0.119332, Term Acc: 0.976471, Prog Acc: 0.988235
Epoch 14 Maze idx 050 Default Step Loss 0.029445, Total Step Loss 0.100309, Term Acc: 1.000000, Prog Acc: 1.000000
Epoch 14 Maze idx 060 Default Step Loss 0.075467, Total Step Loss 0.105910, Term Acc: 0.992481, Prog Acc: 0.992481
Epoch 14 Maze idx 070 Default Step Loss 0.106995, Total Step Loss 0.123962, Term Acc: 1.000000, Prog Acc: 0.952381
Epoch 14 Maze idx 080 Default Step Loss 0.062218, Total Step Loss 0.110343, Term Acc: 1.000000, Prog Acc: 1.000000
Epoch 14 Maze idx 090 Default Step Loss 0.098666, Total Step Loss 0.110455, Term Acc: 0.988235, Prog Acc: 0.988235
Mode: train For whole Epoch 14, Time Consum 356.692427 Default Step Loss 0.109067, Total Step Loss 0.113209, Term Acc: 0.985343, Prog Acc: 0.989406
===============================
Epoch 14 Maze idx 000 Default Step Loss 0.156880, Total Step Loss 0.118280, Term Acc: 0.969925, Prog Acc: 0.992481
Epoch 14 Maze idx 010 Default Step Loss 0.295642, Total Step Loss 0.142719, Term Acc: 0.951613, Prog Acc: 0.967742
Epoch 14 Maze idx 020 Default Step Loss 0.633776, Total Step Loss 0.207182, Term Acc: 0.904762, Prog Acc: 0.904762
Epoch 14 Maze idx 030 Default Step Loss 0.148352, Total Step Loss 0.120812, Term Acc: 0.981132, Prog Acc: 0.981132
Epoch 14 Maze idx 040 Default Step Loss 0.382296, Total Step Loss 0.155276, Term Acc: 0.946237, Prog Acc: 0.967742
Mode: test_same For whole Epoch 14, Time Consum 7.030180 Default Step Loss 0.222701, Total Step Loss 0.131136, Term Acc: 0.966062, Prog Acc: 0.974839
===============================
Epoch 14 Maze idx 000 Default Step Loss 0.602467, Total Step Loss 0.201663, Term Acc: 0.933333, Prog Acc: 0.900000
Epoch 14 Maze idx 010 Default Step Loss 0.493692, Total Step Loss 0.172402, Term Acc: 0.948718, Prog Acc: 0.957265
Epoch 14 Maze idx 020 Default Step Loss 1.393039, Total Step Loss 0.340026, Term Acc: 0.895890, Prog Acc: 0.830137
Epoch 14 Maze idx 030 Default Step Loss 0.939217, Total Step Loss 0.254393, Term Acc: 0.895954, Prog Acc: 0.878613
Epoch 14 Maze idx 040 Default Step Loss 1.166969, Total Step Loss 0.300572, Term Acc: 0.907285, Prog Acc: 0.847682
Mode: test_dif For whole Epoch 14, Time Consum 17.836404 Default Step Loss 1.176361, Total Step Loss 0.302471, Term Acc: 0.898114, Prog Acc: 0.849471
===============================
Epoch 15 Maze idx 000 Default Step Loss 0.108453, Total Step Loss 0.120005, Term Acc: 0.954545, Prog Acc: 1.000000
Epoch 15 Maze idx 010 Default Step Loss 0.071063, Total Step Loss 0.107150, Term Acc: 1.000000, Prog Acc: 1.000000
Epoch 15 Maze idx 020 Default Step Loss 0.042405, Total Step Loss 0.104183, Term Acc: 1.000000, Prog Acc: 1.000000
Epoch 15 Maze idx 030 Default Step Loss 0.155296, Total Step Loss 0.119850, Term Acc: 0.978495, Prog Acc: 0.989247
Epoch 15 Maze idx 040 Default Step Loss 0.050062, Total Step Loss 0.111901, Term Acc: 1.000000, Prog Acc: 1.000000
Epoch 15 Maze idx 050 Default Step Loss 0.055611, Total Step Loss 0.109762, Term Acc: 1.000000, Prog Acc: 1.000000
Epoch 15 Maze idx 060 Default Step Loss 0.053424, Total Step Loss 0.103502, Term Acc: 1.000000, Prog Acc: 1.000000
Epoch 15 Maze idx 070 Default Step Loss 0.177566, Total Step Loss 0.122942, Term Acc: 0.980198, Prog Acc: 0.970297
Epoch 15 Maze idx 080 Default Step Loss 0.015220, Total Step Loss 0.098457, Term Acc: 1.000000, Prog Acc: 1.000000
Epoch 15 Maze idx 090 Default Step Loss 0.013348, Total Step Loss 0.096496, Term Acc: 1.000000, Prog Acc: 1.000000
Mode: train For whole Epoch 15, Time Consum 361.747438 Default Step Loss 0.089133, Total Step Loss 0.109861, Term Acc: 0.989261, Prog Acc: 0.992164
===============================
Epoch 15 Maze idx 000 Default Step Loss 0.010349, Total Step Loss 0.095952, Term Acc: 1.000000, Prog Acc: 1.000000
Epoch 15 Maze idx 010 Default Step Loss 0.068969, Total Step Loss 0.104829, Term Acc: 0.984962, Prog Acc: 0.992481
Epoch 15 Maze idx 020 Default Step Loss 0.492632, Total Step Loss 0.177824, Term Acc: 0.945946, Prog Acc: 0.945946
Epoch 15 Maze idx 030 Default Step Loss 0.031637, Total Step Loss 0.102547, Term Acc: 1.000000, Prog Acc: 1.000000
Epoch 15 Maze idx 040 Default Step Loss 0.155540, Total Step Loss 0.119009, Term Acc: 0.968000, Prog Acc: 0.976000
Mode: test_same For whole Epoch 15, Time Consum 6.855370 Default Step Loss 0.159972, Total Step Loss 0.121612, Term Acc: 0.982153, Prog Acc: 0.982153
===============================
Epoch 15 Maze idx 000 Default Step Loss 1.359998, Total Step Loss 0.334942, Term Acc: 0.896359, Prog Acc: 0.840336
Epoch 15 Maze idx 010 Default Step Loss 1.302751, Total Step Loss 0.324791, Term Acc: 0.907975, Prog Acc: 0.868098
Epoch 15 Maze idx 020 Default Step Loss 0.953265, Total Step Loss 0.266894, Term Acc: 0.924855, Prog Acc: 0.878613
Epoch 15 Maze idx 030 Default Step Loss 1.063835, Total Step Loss 0.277668, Term Acc: 0.910180, Prog Acc: 0.880240
Epoch 15 Maze idx 040 Default Step Loss 1.183946, Total Step Loss 0.315114, Term Acc: 0.930380, Prog Acc: 0.854430
Mode: test_dif For whole Epoch 15, Time Consum 17.344098 Default Step Loss 1.176513, Total Step Loss 0.304702, Term Acc: 0.912948, Prog Acc: 0.856371
===============================
Epoch 16 Maze idx 000 Default Step Loss 0.026377, Total Step Loss 0.098311, Term Acc: 0.992481, Prog Acc: 1.000000
Epoch 16 Maze idx 010 Default Step Loss 0.020839, Total Step Loss 0.098427, Term Acc: 1.000000, Prog Acc: 0.989362
Epoch 16 Maze idx 020 Default Step Loss 0.090688, Total Step Loss 0.115894, Term Acc: 1.000000, Prog Acc: 0.978261
Epoch 16 Maze idx 030 Default Step Loss 0.015363, Total Step Loss 0.099323, Term Acc: 1.000000, Prog Acc: 1.000000
Epoch 16 Maze idx 040 Default Step Loss 0.029116, Total Step Loss 0.108390, Term Acc: 1.000000, Prog Acc: 1.000000
Epoch 16 Maze idx 050 Default Step Loss 0.060923, Total Step Loss 0.104418, Term Acc: 0.987013, Prog Acc: 1.000000
Epoch 16 Maze idx 060 Default Step Loss 0.753217, Total Step Loss 0.230066, Term Acc: 0.928571, Prog Acc: 0.928571
Epoch 16 Maze idx 070 Default Step Loss 0.027167, Total Step Loss 0.108068, Term Acc: 1.000000, Prog Acc: 1.000000
Epoch 16 Maze idx 080 Default Step Loss 0.022707, Total Step Loss 0.101345, Term Acc: 1.000000, Prog Acc: 1.000000
Epoch 16 Maze idx 090 Default Step Loss 0.102980, Total Step Loss 0.113158, Term Acc: 0.983871, Prog Acc: 0.983871
Mode: train For whole Epoch 16, Time Consum 350.463316 Default Step Loss 0.071117, Total Step Loss 0.106906, Term Acc: 0.991873, Prog Acc: 0.993180
===============================
Epoch 16 Maze idx 000 Default Step Loss 0.038146, Total Step Loss 0.109081, Term Acc: 1.000000, Prog Acc: 1.000000
Epoch 16 Maze idx 010 Default Step Loss 0.057461, Total Step Loss 0.103031, Term Acc: 0.984962, Prog Acc: 1.000000
Epoch 16 Maze idx 020 Default Step Loss 0.144088, Total Step Loss 0.119337, Term Acc: 0.984962, Prog Acc: 0.984962
Epoch 16 Maze idx 030 Default Step Loss 0.256302, Total Step Loss 0.133494, Term Acc: 0.965812, Prog Acc: 0.974359
Epoch 16 Maze idx 040 Default Step Loss 0.094352, Total Step Loss 0.111820, Term Acc: 0.983871, Prog Acc: 0.983871
Mode: test_same For whole Epoch 16, Time Consum 6.937516 Default Step Loss 0.208810, Total Step Loss 0.128899, Term Acc: 0.971328, Prog Acc: 0.977180
===============================
Epoch 16 Maze idx 000 Default Step Loss 1.623514, Total Step Loss 0.381612, Term Acc: 0.890785, Prog Acc: 0.812287
Epoch 16 Maze idx 010 Default Step Loss 0.586268, Total Step Loss 0.198924, Term Acc: 0.936709, Prog Acc: 0.911392
Epoch 16 Maze idx 020 Default Step Loss 0.660136, Total Step Loss 0.210177, Term Acc: 0.932203, Prog Acc: 0.915254
Epoch 16 Maze idx 030 Default Step Loss 1.326044, Total Step Loss 0.322097, Term Acc: 0.898204, Prog Acc: 0.865269
Epoch 16 Maze idx 040 Default Step Loss 0.592108, Total Step Loss 0.188999, Term Acc: 0.948718, Prog Acc: 0.948718
Mode: test_dif For whole Epoch 16, Time Consum 17.299202 Default Step Loss 1.396603, Total Step Loss 0.341106, Term Acc: 0.898804, Prog Acc: 0.842341
===============================
Epoch 17 Maze idx 000 Default Step Loss 0.114183, Total Step Loss 0.112136, Term Acc: 0.980392, Prog Acc: 0.990196
Epoch 17 Maze idx 010 Default Step Loss 0.027254, Total Step Loss 0.100048, Term Acc: 1.000000, Prog Acc: 1.000000
Epoch 17 Maze idx 020 Default Step Loss 0.024123, Total Step Loss 0.099869, Term Acc: 1.000000, Prog Acc: 1.000000
Epoch 17 Maze idx 030 Default Step Loss 0.172327, Total Step Loss 0.123078, Term Acc: 0.987179, Prog Acc: 0.987179
Epoch 17 Maze idx 040 Default Step Loss 0.028532, Total Step Loss 0.115776, Term Acc: 1.000000, Prog Acc: 1.000000
Epoch 17 Maze idx 050 Default Step Loss 0.031237, Total Step Loss 0.099470, Term Acc: 1.000000, Prog Acc: 1.000000
Epoch 17 Maze idx 060 Default Step Loss 0.150095, Total Step Loss 0.118438, Term Acc: 0.976471, Prog Acc: 0.976471
Epoch 17 Maze idx 070 Default Step Loss 0.089596, Total Step Loss 0.107315, Term Acc: 0.992481, Prog Acc: 1.000000
Epoch 17 Maze idx 080 Default Step Loss 0.005969, Total Step Loss 0.095085, Term Acc: 1.000000, Prog Acc: 1.000000
Epoch 17 Maze idx 090 Default Step Loss 0.032920, Total Step Loss 0.114833, Term Acc: 1.000000, Prog Acc: 1.000000
Mode: train For whole Epoch 17, Time Consum 355.837453 Default Step Loss 0.065993, Total Step Loss 0.105957, Term Acc: 0.992744, Prog Acc: 0.994486
===============================
Epoch 17 Maze idx 000 Default Step Loss 0.054396, Total Step Loss 0.105038, Term Acc: 1.000000, Prog Acc: 0.991525
Epoch 17 Maze idx 010 Default Step Loss 0.008254, Total Step Loss 0.095385, Term Acc: 1.000000, Prog Acc: 1.000000
Epoch 17 Maze idx 020 Default Step Loss 0.414597, Total Step Loss 0.161030, Term Acc: 0.981481, Prog Acc: 0.981481
Epoch 17 Maze idx 030 Default Step Loss 0.284819, Total Step Loss 0.140764, Term Acc: 0.968254, Prog Acc: 0.968254
Epoch 17 Maze idx 040 Default Step Loss 0.152077, Total Step Loss 0.118820, Term Acc: 0.981651, Prog Acc: 0.981651
Mode: test_same For whole Epoch 17, Time Consum 6.883918 Default Step Loss 0.146974, Total Step Loss 0.119484, Term Acc: 0.985079, Prog Acc: 0.984494
===============================
Epoch 17 Maze idx 000 Default Step Loss 1.049625, Total Step Loss 0.286916, Term Acc: 0.930636, Prog Acc: 0.895954
Epoch 17 Maze idx 010 Default Step Loss 1.363678, Total Step Loss 0.335289, Term Acc: 0.907563, Prog Acc: 0.848739
Epoch 17 Maze idx 020 Default Step Loss 0.395118, Total Step Loss 0.167728, Term Acc: 0.954545, Prog Acc: 0.954545
Epoch 17 Maze idx 030 Default Step Loss 1.489207, Total Step Loss 0.357926, Term Acc: 0.892473, Prog Acc: 0.845878
Epoch 17 Maze idx 040 Default Step Loss 1.072959, Total Step Loss 0.285488, Term Acc: 0.912500, Prog Acc: 0.870833
Mode: test_dif For whole Epoch 17, Time Consum 17.448979 Default Step Loss 1.205597, Total Step Loss 0.308906, Term Acc: 0.912259, Prog Acc: 0.861891
===============================
Epoch 18 Maze idx 000 Default Step Loss 0.004084, Total Step Loss 0.094692, Term Acc: 1.000000, Prog Acc: 1.000000
Epoch 18 Maze idx 010 Default Step Loss 0.118276, Total Step Loss 0.114716, Term Acc: 0.985507, Prog Acc: 0.985507
Epoch 18 Maze idx 020 Default Step Loss 0.324091, Total Step Loss 0.149595, Term Acc: 0.935484, Prog Acc: 0.935484
Epoch 18 Maze idx 030 Default Step Loss 0.043459, Total Step Loss 0.100977, Term Acc: 1.000000, Prog Acc: 1.000000
Epoch 18 Maze idx 040 Default Step Loss 0.291180, Total Step Loss 0.146592, Term Acc: 0.972973, Prog Acc: 0.972973
Epoch 18 Maze idx 050 Default Step Loss 0.189610, Total Step Loss 0.125498, Term Acc: 0.974026, Prog Acc: 0.974026
Epoch 18 Maze idx 060 Default Step Loss 0.033961, Total Step Loss 0.105939, Term Acc: 1.000000, Prog Acc: 1.000000
Epoch 18 Maze idx 070 Default Step Loss 0.026059, Total Step Loss 0.113378, Term Acc: 1.000000, Prog Acc: 1.000000
Epoch 18 Maze idx 080 Default Step Loss 0.011118, Total Step Loss 0.097830, Term Acc: 1.000000, Prog Acc: 1.000000
Epoch 18 Maze idx 090 Default Step Loss 0.032815, Total Step Loss 0.104139, Term Acc: 1.000000, Prog Acc: 1.000000
Mode: train For whole Epoch 18, Time Consum 353.729252 Default Step Loss 0.051729, Total Step Loss 0.103718, Term Acc: 0.995066, Prog Acc: 0.995501
===============================
Epoch 18 Maze idx 000 Default Step Loss 0.183909, Total Step Loss 0.127985, Term Acc: 0.984000, Prog Acc: 0.968000
Epoch 18 Maze idx 010 Default Step Loss 0.015813, Total Step Loss 0.113490, Term Acc: 1.000000, Prog Acc: 1.000000
Epoch 18 Maze idx 020 Default Step Loss 0.230361, Total Step Loss 0.132785, Term Acc: 0.981818, Prog Acc: 0.972727
Epoch 18 Maze idx 030 Default Step Loss 0.466830, Total Step Loss 0.172716, Term Acc: 0.972973, Prog Acc: 0.972973
Epoch 18 Maze idx 040 Default Step Loss 0.145796, Total Step Loss 0.116570, Term Acc: 0.976744, Prog Acc: 0.988372
Mode: test_same For whole Epoch 18, Time Consum 6.995151 Default Step Loss 0.171091, Total Step Loss 0.123128, Term Acc: 0.979520, Prog Acc: 0.980690
===============================
Epoch 18 Maze idx 000 Default Step Loss 1.764712, Total Step Loss 0.414965, Term Acc: 0.873626, Prog Acc: 0.802198
Epoch 18 Maze idx 010 Default Step Loss 0.160675, Total Step Loss 0.119796, Term Acc: 0.978723, Prog Acc: 0.989362
Epoch 18 Maze idx 020 Default Step Loss 0.020307, Total Step Loss 0.112349, Term Acc: 1.000000, Prog Acc: 1.000000
Epoch 18 Maze idx 030 Default Step Loss 1.468855, Total Step Loss 0.355250, Term Acc: 0.905263, Prog Acc: 0.852632
Epoch 18 Maze idx 040 Default Step Loss 1.080873, Total Step Loss 0.285095, Term Acc: 0.909091, Prog Acc: 0.867133
Mode: test_dif For whole Epoch 18, Time Consum 17.250061 Default Step Loss 1.392300, Total Step Loss 0.340132, Term Acc: 0.901564, Prog Acc: 0.848436
===============================
Epoch 19 Maze idx 000 Default Step Loss 0.026568, Total Step Loss 0.098446, Term Acc: 0.989362, Prog Acc: 1.000000
Epoch 19 Maze idx 010 Default Step Loss 0.018626, Total Step Loss 0.113877, Term Acc: 1.000000, Prog Acc: 1.000000
Epoch 19 Maze idx 020 Default Step Loss 0.023138, Total Step Loss 0.114876, Term Acc: 1.000000, Prog Acc: 1.000000
Epoch 19 Maze idx 030 Default Step Loss 0.390760, Total Step Loss 0.159930, Term Acc: 0.935484, Prog Acc: 0.935484
Epoch 19 Maze idx 040 Default Step Loss 0.124857, Total Step Loss 0.113633, Term Acc: 0.980198, Prog Acc: 0.990099
Epoch 19 Maze idx 050 Default Step Loss 0.010200, Total Step Loss 0.096570, Term Acc: 1.000000, Prog Acc: 1.000000
Epoch 19 Maze idx 060 Default Step Loss 0.014096, Total Step Loss 0.103995, Term Acc: 1.000000, Prog Acc: 1.000000
Epoch 19 Maze idx 070 Default Step Loss 0.007883, Total Step Loss 0.095302, Term Acc: 1.000000, Prog Acc: 1.000000
Epoch 19 Maze idx 080 Default Step Loss 0.019849, Total Step Loss 0.098134, Term Acc: 1.000000, Prog Acc: 1.000000
Epoch 19 Maze idx 090 Default Step Loss 0.156616, Total Step Loss 0.119758, Term Acc: 0.989247, Prog Acc: 0.989247
Mode: train For whole Epoch 19, Time Consum 369.428263 Default Step Loss 0.049870, Total Step Loss 0.103329, Term Acc: 0.994631, Prog Acc: 0.996082
===============================
Epoch 19 Maze idx 000 Default Step Loss 0.248310, Total Step Loss 0.136091, Term Acc: 0.967742, Prog Acc: 0.967742
Epoch 19 Maze idx 010 Default Step Loss 0.092140, Total Step Loss 0.108297, Term Acc: 0.984000, Prog Acc: 0.984000
Epoch 19 Maze idx 020 Default Step Loss 0.232035, Total Step Loss 0.133404, Term Acc: 0.985507, Prog Acc: 0.971014
Epoch 19 Maze idx 030 Default Step Loss 0.470798, Total Step Loss 0.185981, Term Acc: 0.928571, Prog Acc: 0.928571
Epoch 19 Maze idx 040 Default Step Loss 0.293114, Total Step Loss 0.141530, Term Acc: 0.967742, Prog Acc: 0.978495
Mode: test_same For whole Epoch 19, Time Consum 6.736243 Default Step Loss 0.156613, Total Step Loss 0.120857, Term Acc: 0.983324, Prog Acc: 0.983324
===============================
Epoch 19 Maze idx 000 Default Step Loss 1.478338, Total Step Loss 0.351333, Term Acc: 0.896947, Prog Acc: 0.843511
Epoch 19 Maze idx 010 Default Step Loss 1.445771, Total Step Loss 0.351137, Term Acc: 0.905263, Prog Acc: 0.852632
Epoch 19 Maze idx 020 Default Step Loss 1.523535, Total Step Loss 0.357239, Term Acc: 0.872340, Prog Acc: 0.836879
Epoch 19 Maze idx 030 Default Step Loss 1.702688, Total Step Loss 0.404585, Term Acc: 0.873626, Prog Acc: 0.807692
Epoch 19 Maze idx 040 Default Step Loss 1.596040, Total Step Loss 0.389629, Term Acc: 0.901575, Prog Acc: 0.811024
Mode: test_dif For whole Epoch 19, Time Consum 17.207623 Default Step Loss 1.345504, Total Step Loss 0.332539, Term Acc: 0.904324, Prog Acc: 0.852806
===============================
Epoch 20 Maze idx 000 Default Step Loss 0.056448, Total Step Loss 0.106579, Term Acc: 0.978261, Prog Acc: 1.000000
Epoch 20 Maze idx 010 Default Step Loss 0.027166, Total Step Loss 0.107457, Term Acc: 1.000000, Prog Acc: 1.000000
Epoch 20 Maze idx 020 Default Step Loss 0.182777, Total Step Loss 0.124445, Term Acc: 0.974026, Prog Acc: 0.987013
Epoch 20 Maze idx 030 Default Step Loss 0.007061, Total Step Loss 0.097654, Term Acc: 1.000000, Prog Acc: 1.000000
Epoch 20 Maze idx 040 Default Step Loss 0.170846, Total Step Loss 0.121652, Term Acc: 0.988235, Prog Acc: 0.988235
Epoch 20 Maze idx 050 Default Step Loss 0.035597, Total Step Loss 0.108782, Term Acc: 1.000000, Prog Acc: 1.000000
Epoch 20 Maze idx 060 Default Step Loss 0.013303, Total Step Loss 0.103863, Term Acc: 1.000000, Prog Acc: 1.000000
Epoch 20 Maze idx 070 Default Step Loss 0.019199, Total Step Loss 0.098221, Term Acc: 1.000000, Prog Acc: 1.000000
Epoch 20 Maze idx 080 Default Step Loss 0.023438, Total Step Loss 0.106885, Term Acc: 1.000000, Prog Acc: 1.000000
Epoch 20 Maze idx 090 Default Step Loss 0.040447, Total Step Loss 0.101079, Term Acc: 0.987179, Prog Acc: 1.000000
Mode: train For whole Epoch 20, Time Consum 377.374496 Default Step Loss 0.045674, Total Step Loss 0.102666, Term Acc: 0.995211, Prog Acc: 0.996662
===============================
Epoch 20 Maze idx 000 Default Step Loss 0.168736, Total Step Loss 0.126631, Term Acc: 0.973684, Prog Acc: 0.973684
Epoch 20 Maze idx 010 Default Step Loss 0.244071, Total Step Loss 0.135363, Term Acc: 0.967742, Prog Acc: 0.967742
Epoch 20 Maze idx 020 Default Step Loss 0.151209, Total Step Loss 0.122277, Term Acc: 0.984000, Prog Acc: 0.976000
Epoch 20 Maze idx 030 Default Step Loss 0.027793, Total Step Loss 0.098039, Term Acc: 0.992481, Prog Acc: 1.000000
Epoch 20 Maze idx 040 Default Step Loss 0.064656, Total Step Loss 0.106966, Term Acc: 0.992481, Prog Acc: 0.992481
Mode: test_same For whole Epoch 20, Time Consum 6.895478 Default Step Loss 0.154021, Total Step Loss 0.120442, Term Acc: 0.984201, Prog Acc: 0.983909
===============================
Epoch 20 Maze idx 000 Default Step Loss 0.640067, Total Step Loss 0.200805, Term Acc: 0.966667, Prog Acc: 0.966667
Epoch 20 Maze idx 010 Default Step Loss 1.019588, Total Step Loss 0.276888, Term Acc: 0.909091, Prog Acc: 0.874126
Epoch 20 Maze idx 020 Default Step Loss 1.599929, Total Step Loss 0.375237, Term Acc: 0.893151, Prog Acc: 0.838356
Epoch 20 Maze idx 030 Default Step Loss 1.464033, Total Step Loss 0.351055, Term Acc: 0.899160, Prog Acc: 0.840336
Epoch 20 Maze idx 040 Default Step Loss 0.349576, Total Step Loss 0.148459, Term Acc: 0.957265, Prog Acc: 0.965812
Mode: test_dif For whole Epoch 20, Time Consum 17.460548 Default Step Loss 1.331121, Total Step Loss 0.330009, Term Acc: 0.905014, Prog Acc: 0.855106
===============================
Best def_loss for test same: 0.146974
Best epoch_def_loss for test same at 17 epoch
Best total_loss for test same: 0.119484
Best epoch_total_loss for test same at 17 epoch
Best ter_accs for test same: 0.986542
Best epoch_ter_accs for test same at 4 epoch
Best pro_accs for test same: 0.984786
Best epoch_pro_accs for test same at 7 epoch
